<?xml version="1.0" encoding="UTF-8"?>
<!-- Generated by org.testng.reporters.JUnitReportReporter -->
<testsuite hostname="Abhinaya" failures="0" tests="2" name="ListenersInTestngSecond.Testcases" time="0.010" errors="0" timestamp="17 Sep 2024 17:21:43 GMT" skipped="0">
  <testcase classname="ListenersInTestngSecond.Testcases" name="TestToPass" time="0.001"/>
  <testcase classname="ListenersInTestngSecond.Testcases" name="TestToFail" time="0.009"/>
</testsuite> <!-- ListenersInTestngSecond.Testcases -->
