<?xml version="1.0" encoding="UTF-8"?>
<!-- Generated by org.testng.reporters.JUnitReportReporter -->
<testsuite hostname="Abhinaya" failures="0" tests="1" name="javaPrograms.ReplaceVowelsWithSpecialCharacters" time="0.009" errors="0" timestamp="28 Sep 2024 17:32:07 GMT" skipped="0">
  <testcase classname="javaPrograms.ReplaceVowelsWithSpecialCharacters" name="usingRegEx" time="0.009"/>
</testsuite> <!-- javaPrograms.ReplaceVowelsWithSpecialCharacters -->
