<?xml version="1.0" encoding="UTF-8"?>
<!-- Generated by org.testng.reporters.JUnitReportReporter -->
<testsuite hostname="Abhinaya" failures="0" tests="1" name="javaPrograms.VowelsCount" time="0.008" errors="0" timestamp="24 Sep 2024 18:22:55 GMT" skipped="0">
  <testcase classname="javaPrograms.VowelsCount" name="vowel" time="0.008"/>
</testsuite> <!-- javaPrograms.VowelsCount -->
