<?xml version="1.0" encoding="UTF-8"?>
<!-- Generated by org.testng.reporters.JUnitReportReporter -->
<testsuite hostname="Abhinaya" failures="0" tests="1" name="javaPrograms.SmallestNumberinanArray" time="0.007" errors="0" timestamp="23 Sep 2024 19:35:09 GMT" skipped="0">
  <testcase classname="javaPrograms.SmallestNumberinanArray" name="usingCollections" time="0.007"/>
</testsuite> <!-- javaPrograms.SmallestNumberinanArray -->
