<?xml version="1.0" encoding="UTF-8"?>
<!-- Generated by org.testng.reporters.JUnitReportReporter -->
<testsuite hostname="Abhinaya" failures="0" tests="1" name="javaPrograms.TwoArraysorEqualorNot" time="0.007" errors="0" timestamp="27 Sep 2024 20:09:35 GMT" skipped="0">
  <testcase classname="javaPrograms.TwoArraysorEqualorNot" name="withoutArrays" time="0.007"/>
</testsuite> <!-- javaPrograms.TwoArraysorEqualorNot -->
