<?xml version="1.0" encoding="UTF-8"?>
<!-- Generated by org.testng.reporters.JUnitReportReporter -->
<testsuite hostname="Abhinaya" failures="0" tests="1" name="javaPrograms.ReadDataFromTextFile" time="0.028" errors="0" timestamp="28 Sep 2024 19:10:00 GMT" skipped="0">
  <testcase classname="javaPrograms.ReadDataFromTextFile" name="usingFileAndScannerClassWithDelimiter" time="0.028"/>
</testsuite> <!-- javaPrograms.ReadDataFromTextFile -->
