<?xml version="1.0" encoding="UTF-8"?>
<!-- Generated by org.testng.reporters.JUnitReportReporter -->
<testsuite hostname="Abhinaya" failures="0" tests="1" name="javaPrograms.ReverseANumber" time="4.318" errors="0" timestamp="23 Sep 2024 17:16:34 GMT" skipped="0">
  <testcase classname="javaPrograms.ReverseANumber" name="reverseNumber" time="4.318"/>
</testsuite> <!-- javaPrograms.ReverseANumber -->
