<?xml version="1.0" encoding="UTF-8"?>
<!-- Generated by org.testng.reporters.JUnitReportReporter -->
<testsuite hostname="Abhinaya" failures="0" tests="1" name="javaPrograms.ReverseWordsinaSentence" time="0.006" errors="0" timestamp="23 Sep 2024 20:03:37 GMT" skipped="0">
  <testcase classname="javaPrograms.ReverseWordsinaSentence" name="reverse" time="0.006"/>
</testsuite> <!-- javaPrograms.ReverseWordsinaSentence -->
