<?xml version="1.0" encoding="UTF-8"?>
<!-- Generated by org.testng.reporters.JUnitReportReporter -->
<testsuite hostname="Abhinaya" failures="0" tests="1" name="javaPrograms.FindDuplicatesinanArray" time="0.006" errors="0" timestamp="28 Sep 2024 14:34:35 GMT" skipped="0">
  <testcase classname="javaPrograms.FindDuplicatesinanArray" name="usingHashSet" time="0.006"/>
</testsuite> <!-- javaPrograms.FindDuplicatesinanArray -->
