<?xml version="1.0" encoding="UTF-8"?>
<!-- Generated by org.testng.reporters.JUnitReportReporter -->
<testsuite hostname="Abhinaya" failures="0" tests="1" name="javaPrograms.PrintfromOnetoHundredwithoutusinganynumbers" time="0.013" errors="0" timestamp="30 Sep 2024 16:52:30 GMT" skipped="0">
  <testcase classname="javaPrograms.PrintfromOnetoHundredwithoutusinganynumbers" name="printNumbers" time="0.013"/>
</testsuite> <!-- javaPrograms.PrintfromOnetoHundredwithoutusinganynumbers -->
