<?xml version="1.0" encoding="UTF-8"?>
<!-- Generated by org.testng.reporters.JUnitReportReporter -->
<testsuite hostname="Abhinaya" failures="0" tests="1" name="javaPrograms.UpperLowerConversion" time="0.006" errors="0" timestamp="24 Sep 2024 20:30:00 GMT" skipped="0">
  <testcase classname="javaPrograms.UpperLowerConversion" name="toUpper" time="0.006"/>
</testsuite> <!-- javaPrograms.UpperLowerConversion -->
