<?xml version="1.0" encoding="UTF-8"?>
<!-- Generated by org.testng.reporters.JUnitReportReporter -->
<testsuite hostname="Abhinaya" failures="0" tests="1" name="javaPrograms.GenerateRandomNumbers" time="0.011" errors="0" timestamp="27 Sep 2024 18:27:36 GMT" skipped="0">
  <testcase classname="javaPrograms.GenerateRandomNumbers" name="apacheCommonsLangAPIMethod" time="0.011"/>
</testsuite> <!-- javaPrograms.GenerateRandomNumbers -->
