<?xml version="1.0" encoding="UTF-8"?>
<!-- Generated by org.testng.reporters.JUnitReportReporter -->
<testsuite hostname="Abhinaya" failures="0" tests="1" name="javaPrograms.RemoveLeadingandTrailingSpacesinaSentence" time="0.008" errors="0" timestamp="24 Sep 2024 17:56:09 GMT" skipped="0">
  <testcase classname="javaPrograms.RemoveLeadingandTrailingSpacesinaSentence" name="removeLeadingAndTrailingSpaces" time="0.008"/>
</testsuite> <!-- javaPrograms.RemoveLeadingandTrailingSpacesinaSentence -->
