<?xml version="1.0" encoding="UTF-8"?>
<!-- Generated by org.testng.reporters.JUnitReportReporter -->
<testsuite hostname="Abhinaya" failures="0" tests="1" name="javaPrograms.SwapTwoNumbers" time="0.006" errors="0" timestamp="23 Sep 2024 16:32:25 GMT" skipped="0">
  <testcase classname="javaPrograms.SwapTwoNumbers" name="withoutThirdVariable" time="0.006"/>
</testsuite> <!-- javaPrograms.SwapTwoNumbers -->
