<?xml version="1.0" encoding="UTF-8"?>
<!-- Generated by org.testng.reporters.JUnitReportReporter -->
<testsuite hostname="Abhinaya" failures="0" tests="1" name="javaPrograms.ElementisPresentorNotinanArray" time="0.009" errors="0" timestamp="24 Sep 2024 08:24:48 GMT" skipped="0">
  <testcase classname="javaPrograms.ElementisPresentorNotinanArray" name="usingIntStream" time="0.009"/>
</testsuite> <!-- javaPrograms.ElementisPresentorNotinanArray -->
