<?xml version="1.0" encoding="UTF-8"?>
<!-- Generated by org.testng.reporters.JUnitReportReporter -->
<testsuite hostname="Abhinaya" failures="0" tests="1" name="javaPrograms.Primeornot" time="0.007" errors="0" timestamp="26 Sep 2024 17:51:38 GMT" skipped="0">
  <testcase classname="javaPrograms.Primeornot" name="prime" time="0.007"/>
</testsuite> <!-- javaPrograms.Primeornot -->
