<?xml version="1.0" encoding="UTF-8"?>
<!-- Generated by org.testng.reporters.JUnitReportReporter -->
<testsuite hostname="Abhinaya" failures="0" tests="1" name="javaPrograms.Factorial" time="0.007" errors="0" timestamp="29 Sep 2024 18:14:44 GMT" skipped="0">
  <testcase classname="javaPrograms.Factorial" name="recursiveMethod" time="0.007"/>
</testsuite> <!-- javaPrograms.Factorial -->
