<?xml version="1.0" encoding="UTF-8"?>
<!-- Generated by org.testng.reporters.JUnitReportReporter -->
<testsuite hostname="Abhinaya" failures="0" tests="1" name="javaPrograms.MissingNumberinanArray" time="0.006" errors="0" timestamp="27 Sep 2024 20:31:29 GMT" skipped="0">
  <testcase classname="javaPrograms.MissingNumberinanArray" name="missingNumber" time="0.006"/>
</testsuite> <!-- javaPrograms.MissingNumberinanArray -->
