<?xml version="1.0" encoding="UTF-8"?>
<!-- Generated by org.testng.reporters.JUnitReportReporter -->
<testsuite hostname="Abhinaya" failures="0" tests="1" name="javaPrograms.BinarySearch" time="0.005" errors="0" timestamp="28 Sep 2024 16:40:22 GMT" skipped="0">
  <testcase classname="javaPrograms.BinarySearch" name="search" time="0.005"/>
</testsuite> <!-- javaPrograms.BinarySearch -->
