<?xml version="1.0" encoding="UTF-8"?>
<!-- Generated by org.testng.reporters.JUnitReportReporter -->
<testsuite hostname="Abhinaya" failures="0" tests="1" name="javaPrograms.WriteDataIntoATextFile" time="0.009" errors="0" timestamp="28 Sep 2024 19:19:36 GMT" skipped="0">
  <testcase classname="javaPrograms.WriteDataIntoATextFile" name="write" time="0.009"/>
</testsuite> <!-- javaPrograms.WriteDataIntoATextFile -->
