<?xml version="1.0" encoding="UTF-8"?>
<!-- Generated by org.testng.reporters.JUnitReportReporter -->
<testsuite hostname="Abhinaya" failures="0" tests="1" name="javaPrograms.PalindromeNumber" time="3.691" errors="0" timestamp="26 Sep 2024 04:58:17 GMT" skipped="0">
  <testcase classname="javaPrograms.PalindromeNumber" name="palindrome" time="3.691"/>
</testsuite> <!-- javaPrograms.PalindromeNumber -->
