<?xml version="1.0" encoding="UTF-8"?>
<!-- Generated by org.testng.reporters.JUnitReportReporter -->
<testsuite hostname="Abhinaya" failures="0" tests="1" name="javaPrograms.SumofElementsinanArray" time="0.007" errors="0" timestamp="27 Sep 2024 19:19:48 GMT" skipped="0">
  <testcase classname="javaPrograms.SumofElementsinanArray" name="forEachMethod" time="0.007"/>
</testsuite> <!-- javaPrograms.SumofElementsinanArray -->
