<?xml version="1.0" encoding="UTF-8"?>
<!-- Generated by org.testng.reporters.JUnitReportReporter -->
<testsuite hostname="Abhinaya" failures="0" tests="1" name="javaPrograms.ReverseString" time="0.008" errors="0" timestamp="29 Sep 2024 13:52:13 GMT" skipped="0">
  <testcase classname="javaPrograms.ReverseString" name="usingStringBuffer" time="0.008"/>
</testsuite> <!-- javaPrograms.ReverseString -->
