<?xml version="1.0" encoding="UTF-8"?>
<!-- Generated by org.testng.reporters.JUnitReportReporter -->
<testsuite hostname="Abhinaya" failures="0" tests="1" name="javaPrograms.LengthofaStringwithoutLengthMethod" time="0.007" errors="0" timestamp="23 Sep 2024 18:34:27 GMT" skipped="0">
  <testcase classname="javaPrograms.LengthofaStringwithoutLengthMethod" name="stringLength" time="0.007"/>
</testsuite> <!-- javaPrograms.LengthofaStringwithoutLengthMethod -->
