<?xml version="1.0" encoding="UTF-8"?>
<!-- Generated by org.testng.reporters.JUnitReportReporter -->
<testsuite hostname="Abhinaya" failures="0" tests="1" name="javaPrograms.LargestofThreeNumbers" time="7.413" errors="0" timestamp="26 Sep 2024 17:00:28 GMT" skipped="0">
  <testcase classname="javaPrograms.LargestofThreeNumbers" name="usingTernaryOperator" time="7.413"/>
</testsuite> <!-- javaPrograms.LargestofThreeNumbers -->
