<?xml version="1.0" encoding="UTF-8"?>
<!-- Generated by org.testng.reporters.JUnitReportReporter -->
<testsuite hostname="Abhinaya" failures="0" tests="1" name="javaPrograms.SortElementsUsingBuiltInMethods" time="0.008" errors="0" timestamp="28 Sep 2024 17:23:26 GMT" skipped="0">
  <testcase classname="javaPrograms.SortElementsUsingBuiltInMethods" name="collectionsToReverseMethodForDescendingOrderSort" time="0.008"/>
</testsuite> <!-- javaPrograms.SortElementsUsingBuiltInMethods -->
