<?xml version="1.0" encoding="UTF-8"?>
<!-- Generated by org.testng.reporters.JUnitReportReporter -->
<testsuite hostname="Abhinaya" failures="0" tests="1" name="javaPrograms.CountNumberofWordsinaString" time="11.663" errors="0" timestamp="28 Sep 2024 17:53:52 GMT" skipped="0">
  <testcase classname="javaPrograms.CountNumberofWordsinaString" name="count" time="11.663"/>
</testsuite> <!-- javaPrograms.CountNumberofWordsinaString -->
