<?xml version="1.0" encoding="UTF-8"?>
<!-- Generated by org.testng.reporters.JUnitReportReporter -->
<testsuite hostname="Abhinaya" failures="0" tests="1" name="javaPrograms.LinearSearch" time="0.009" errors="0" timestamp="28 Sep 2024 14:58:27 GMT" skipped="0">
  <testcase classname="javaPrograms.LinearSearch" name="search" time="0.009"/>
</testsuite> <!-- javaPrograms.LinearSearch -->
