<?xml version="1.0" encoding="UTF-8"?>
<!-- Generated by org.testng.reporters.JUnitReportReporter -->
<testsuite hostname="Abhinaya" failures="0" tests="1" name="javaPrograms.CountNumberofDuplicateWordsinaString" time="0.021" errors="0" timestamp="29 Sep 2024 19:01:12 GMT" skipped="0">
  <testcase classname="javaPrograms.CountNumberofDuplicateWordsinaString" name="duplicateCount" time="0.021"/>
</testsuite> <!-- javaPrograms.CountNumberofDuplicateWordsinaString -->
