<?xml version="1.0" encoding="UTF-8"?>
<!-- Generated by org.testng.reporters.JUnitReportReporter -->
<testsuite hostname="Abhinaya" failures="0" tests="1" name="javaPrograms.BubbleSort" time="0.007" errors="0" timestamp="28 Sep 2024 17:04:36 GMT" skipped="0">
  <testcase classname="javaPrograms.BubbleSort" name="sort" time="0.007"/>
</testsuite> <!-- javaPrograms.BubbleSort -->
