<?xml version="1.0" encoding="UTF-8"?>
<!-- Generated by org.testng.reporters.JUnitReportReporter -->
<testsuite hostname="Abhinaya" failures="0" tests="1" name="javaPrograms.CountEvenAndOddNumbersInaGivenNumber" time="0.006" errors="0" timestamp="26 Sep 2024 15:23:39 GMT" skipped="0">
  <testcase classname="javaPrograms.CountEvenAndOddNumbersInaGivenNumber" name="countEvenandOdd" time="0.006"/>
</testsuite> <!-- javaPrograms.CountEvenAndOddNumbersInaGivenNumber -->
