<?xml version="1.0" encoding="UTF-8"?>
<!-- Generated by org.testng.reporters.JUnitReportReporter -->
<testsuite hostname="Abhinaya" failures="0" tests="1" name="javaPrograms.FibonacciSeries" time="0.006" errors="0" timestamp="26 Sep 2024 17:25:24 GMT" skipped="0">
  <testcase classname="javaPrograms.FibonacciSeries" name="fibonacci" time="0.006"/>
</testsuite> <!-- javaPrograms.FibonacciSeries -->
