<?xml version="1.0" encoding="UTF-8"?>
<!-- Generated by org.testng.reporters.JUnitReportReporter -->
<testsuite hostname="Abhinaya" failures="0" tests="1" name="javaPrograms.FlyodsTrianglePattern" time="2.775" errors="0" timestamp="23 Sep 2024 18:23:53 GMT" skipped="0">
  <testcase classname="javaPrograms.FlyodsTrianglePattern" name="printNumbers" time="2.775"/>
</testsuite> <!-- javaPrograms.FlyodsTrianglePattern -->
