<?xml version="1.0" encoding="UTF-8"?>
<!-- Generated by org.testng.reporters.JUnitReportReporter -->
<testsuite hostname="Abhinaya" failures="0" tests="1" name="javaPrograms.FindthePositionofaCharacterinAlphabets" time="11.294" errors="0" timestamp="24 Sep 2024 13:45:12 GMT" skipped="0">
  <testcase classname="javaPrograms.FindthePositionofaCharacterinAlphabets" name="positions" time="11.294"/>
</testsuite> <!-- javaPrograms.FindthePositionofaCharacterinAlphabets -->
