<?xml version="1.0" encoding="UTF-8"?>
<!-- Generated by org.testng.reporters.JUnitReportReporter -->
<testsuite hostname="Abhinaya" failures="0" tests="1" name="javaPrograms.PalindromeString" time="7.102" errors="0" timestamp="26 Sep 2024 06:29:39 GMT" skipped="0">
  <testcase classname="javaPrograms.PalindromeString" name="stringPalindrome" time="7.102"/>
</testsuite> <!-- javaPrograms.PalindromeString -->
