<?xml version="1.0" encoding="UTF-8"?>
<!-- Generated by org.testng.reporters.JUnitReportReporter -->
<testsuite hostname="Abhinaya" failures="0" tests="1" name="javaPrograms.VerifyIfTheStringContainsOnlyDigits" time="0.008" errors="0" timestamp="29 Sep 2024 19:15:02 GMT" skipped="0">
  <testcase classname="javaPrograms.VerifyIfTheStringContainsOnlyDigits" name="stringDigits" time="0.008"/>
</testsuite> <!-- javaPrograms.VerifyIfTheStringContainsOnlyDigits -->
