<?xml version="1.0" encoding="UTF-8"?>
<!-- Generated by org.testng.reporters.JUnitReportReporter -->
<testsuite hostname="Abhinaya" failures="0" tests="1" name="javaPrograms.Armstrong" time="3.728" errors="0" timestamp="29 Sep 2024 17:45:32 GMT" skipped="0">
  <testcase classname="javaPrograms.Armstrong" name="armstrongNumber" time="3.728"/>
</testsuite> <!-- javaPrograms.Armstrong -->
