<?xml version="1.0" encoding="UTF-8"?>
<!-- Generated by org.testng.reporters.JUnitReportReporter -->
<testsuite hostname="Abhinaya" failures="0" tests="1" name="javaPrograms.SumoftheDigits" time="0.007" errors="0" timestamp="26 Sep 2024 15:49:22 GMT" skipped="0">
  <testcase classname="javaPrograms.SumoftheDigits" name="sum" time="0.007"/>
</testsuite> <!-- javaPrograms.SumoftheDigits -->
