<?xml version="1.0" encoding="UTF-8"?>
<!-- Generated by org.testng.reporters.JUnitReportReporter -->
<testsuite hostname="Abhinaya" failures="0" tests="1" name="testNG.TestNG2" time="0.001" errors="0" timestamp="11 May 2024 12:26:21 GMT" skipped="0">
  <testcase classname="testNG.TestNG2" name="Test1" time="0.001"/>
</testsuite> <!-- testNG.TestNG2 -->
