<?xml version="1.0" encoding="UTF-8"?>
<!-- Generated by org.testng.reporters.JUnitReportReporter -->
<testsuite hostname="Abhinaya" failures="0" tests="3" name="testNG.TestNG5" time="0.013" errors="0" timestamp="11 May 2024 16:45:41 GMT" skipped="0">
  <testcase classname="testNG.TestNG5" name="grapes" time="0.002"/>
  <testcase classname="testNG.TestNG5" name="pear" time="0.001"/>
  <testcase classname="testNG.TestNG5" name="drumstick" time="0.010"/>
</testsuite> <!-- testNG.TestNG5 -->
