<?xml version="1.0" encoding="UTF-8"?>
<!-- Generated by org.testng.reporters.JUnitReportReporter -->
<testsuite hostname="Abhinaya" failures="0" tests="2" name="testNG.TestNG1" time="0.011" errors="0" timestamp="12 May 2024 13:05:58 GMT" skipped="0">
  <testcase classname="testNG.TestNG1" name="test" time="0.008"/>
  <testcase classname="testNG.TestNG1" name="test100" time="0.003"/>
</testsuite> <!-- testNG.TestNG1 -->
