<?xml version="1.0" encoding="UTF-8"?>
<!-- Generated by org.testng.reporters.JUnitReportReporter -->
<testsuite hostname="Abhinaya" failures="0" tests="2" name="testNG.TestNG3" time="0.023" errors="0" timestamp="11 May 2024 10:22:58 GMT" skipped="1">
  <testcase classname="testNG.TestNG3" name="carLoan" time="0.023"/>
  <testcase classname="testNG.TestNG3" name="homeLoan">
    <skipped/>
  </testcase> <!-- homeLoan -->
</testsuite> <!-- testNG.TestNG3 -->
