<?xml version="1.0" encoding="UTF-8"?>
<!-- Generated by org.testng.reporters.JUnitReportReporter -->
<testsuite hostname="Abhinaya" failures="0" tests="1" name="testNG.Add" time="0.009" errors="0" timestamp="11 May 2024 15:53:10 GMT" skipped="0">
  <testcase classname="testNG.Add" name="addition" time="0.009"/>
</testsuite> <!-- testNG.Add -->
