<?xml version="1.0" encoding="UTF-8"?>
<!-- Generated by org.testng.reporters.JUnitReportReporter -->
<testsuite hostname="Abhinaya" failures="0" tests="1" name="testNG.Sub" time="0.001" errors="0" timestamp="11 May 2024 15:53:10 GMT" skipped="0">
  <testcase classname="testNG.Sub" name="subtraction" time="0.001"/>
</testsuite> <!-- testNG.Sub -->
