<?xml version="1.0" encoding="UTF-8"?>
<!-- Generated by org.testng.reporters.JUnitReportReporter -->
<testsuite hostname="Abhinaya" failures="0" tests="3" name="testNG.TestNG4" time="0.025" errors="0" timestamp="11 May 2024 14:40:51 GMT" skipped="0">
  <testcase classname="testNG.TestNG4" name="Ragav" time="0.009"/>
  <testcase classname="testNG.TestNG4" name="Abhi" time="0.005"/>
  <testcase classname="testNG.TestNG4" name="Leela" time="0.011"/>
</testsuite> <!-- testNG.TestNG4 -->
