<?xml version="1.0" encoding="UTF-8"?>
<!-- Generated by org.testng.reporters.JUnitReportReporter -->
<testsuite hostname="Abhinaya" failures="0" tests="1" name="ParametersinTestng.Subtract" time="0.014" errors="0" timestamp="18 Sep 2024 04:55:48 GMT" skipped="0">
  <testcase classname="ParametersinTestng.Subtract" name="sub" time="0.014"/>
</testsuite> <!-- ParametersinTestng.Subtract -->
