<?xml version="1.0" encoding="UTF-8"?>
<!-- Generated by org.testng.reporters.JUnitReportReporter -->
<testsuite hostname="Abhinaya" failures="0" tests="6" name="storedProcedureTesting.StoredProcedureTesting" time="0.167" errors="0" timestamp="2025-01-14T23:57:58 IST" skipped="0">
  <testcase classname="storedProcedureTesting.StoredProcedureTesting" name="spExists" time="0.054"/>
  <testcase classname="storedProcedureTesting.StoredProcedureTesting" name="selectAllCustomers" time="0.052"/>
  <testcase classname="storedProcedureTesting.StoredProcedureTesting" name="selectAllCustomersByCity" time="0.013"/>
  <testcase classname="storedProcedureTesting.StoredProcedureTesting" name="selectAllCustomersByCityAndPinCode" time="0.017"/>
  <testcase classname="storedProcedureTesting.StoredProcedureTesting" name="getOrderByCustomer" time="0.019"/>
  <testcase classname="storedProcedureTesting.StoredProcedureTesting" name="getCustomerByShipping" time="0.012"/>
</testsuite> <!-- storedProcedureTesting.StoredProcedureTesting -->
