<?xml version="1.0" encoding="UTF-8"?>
<!-- Generated by org.testng.reporters.JUnitReportReporter -->
<testsuite hostname="Abhinaya" failures="0" tests="1" name="seleniumDriverLearning.Flipkart" time="4.301" errors="0" timestamp="17 Sep 2024 05:59:36 GMT" skipped="0">
  <testcase classname="seleniumDriverLearning.Flipkart" name="getCount" time="4.301"/>
</testsuite> <!-- seleniumDriverLearning.Flipkart -->
