<?xml version="1.0" encoding="UTF-8"?>
<!-- Generated by org.testng.reporters.JUnitReportReporter -->
<testsuite hostname="Abhinaya" failures="0" tests="3" name="seleniumDriverLearning.SauceDemo" time="11.364" errors="0" timestamp="17 Sep 2024 05:59:36 GMT" skipped="0">
  <testcase classname="seleniumDriverLearning.SauceDemo" name="ABrowserLaunch" time="1.076"/>
  <testcase classname="seleniumDriverLearning.SauceDemo" name="close" time="0.528"/>
  <testcase classname="seleniumDriverLearning.SauceDemo" name="Blogin" time="9.760"/>
</testsuite> <!-- seleniumDriverLearning.SauceDemo -->
