<?xml version="1.0" encoding="UTF-8"?>
<!-- Generated by org.testng.reporters.JUnitReportReporter -->
<testsuite hostname="Abhinaya" failures="0" tests="3" name="seleniumDriverLearning.InternetHookupPartTwo" time="45.192" errors="0" timestamp="17 Sep 2024 05:59:36 GMT" skipped="0">
  <testcase classname="seleniumDriverLearning.InternetHookupPartTwo" name="Balert" time="18.093"/>
  <testcase classname="seleniumDriverLearning.InternetHookupPartTwo" name="Ainternet" time="26.520"/>
  <testcase classname="seleniumDriverLearning.InternetHookupPartTwo" name="close" time="0.579"/>
</testsuite> <!-- seleniumDriverLearning.InternetHookupPartTwo -->
