<?xml version="1.0" encoding="UTF-8"?>
<!-- Generated by org.testng.reporters.JUnitReportReporter -->
<testsuite hostname="Abhinaya" failures="0" tests="3" name="seleniumDriverLearning.InternetHookup" time="7.720" errors="0" timestamp="17 Sep 2024 05:59:36 GMT" skipped="0">
  <testcase classname="seleniumDriverLearning.InternetHookup" name="checkbox" time="5.626"/>
  <testcase classname="seleniumDriverLearning.InternetHookup" name="dragAndDrop" time="1.239"/>
  <testcase classname="seleniumDriverLearning.InternetHookup" name="close" time="0.855"/>
</testsuite> <!-- seleniumDriverLearning.InternetHookup -->
