<?xml version="1.0" encoding="UTF-8"?>
<!-- Generated by org.testng.reporters.JUnitReportReporter -->
<testsuite hostname="Abhinaya" failures="0" tests="3" name="MavenProjectTestng.MavenProjectTestng.Groups" time="0.011" errors="0" timestamp="17 Sep 2024 10:46:13 GMT" skipped="0">
  <testcase classname="MavenProjectTestng.MavenProjectTestng.Groups" name="Infosys" time="0.002"/>
  <testcase classname="MavenProjectTestng.MavenProjectTestng.Groups" name="justdial" time="0.003"/>
  <testcase classname="MavenProjectTestng.MavenProjectTestng.Groups" name="Cognizant" time="0.006"/>
</testsuite> <!-- MavenProjectTestng.MavenProjectTestng.Groups -->
