<?xml version="1.0" encoding="UTF-8"?>
<!-- Generated by org.testng.reporters.JUnitReportReporter -->
<testsuite hostname="Abhinaya" failures="0" tests="1" name="ProgramsPractice.ProgramsPractice.RemoveDuplicatesfromArray" time="0.005" errors="0" timestamp="09 Nov 2024 17:18:12 GMT" skipped="0">
  <testcase classname="ProgramsPractice.ProgramsPractice.RemoveDuplicatesfromArray" name="removeDup" time="0.005"/>
</testsuite> <!-- ProgramsPractice.ProgramsPractice.RemoveDuplicatesfromArray -->
