<?xml version="1.0" encoding="UTF-8"?>
<!-- Generated by org.testng.reporters.JUnitReportReporter -->
<testsuite hostname="Abhinaya" failures="0" tests="1" name="ProgramsPractice.ProgramsPractice.MergeTwoArrays" time="0.010" errors="0" timestamp="20 Oct 2024 13:47:48 GMT" skipped="0">
  <testcase classname="ProgramsPractice.ProgramsPractice.MergeTwoArrays" name="mergeUsingApiStream" time="0.010"/>
</testsuite> <!-- ProgramsPractice.ProgramsPractice.MergeTwoArrays -->
