<?xml version="1.0" encoding="UTF-8"?>
<!-- Generated by org.testng.reporters.JUnitReportReporter -->
<testsuite hostname="Abhinaya" failures="0" tests="2" name="ParametersinTestngSecond.Vegetables" time="0.003" errors="0" timestamp="17 Sep 2024 12:46:13 GMT" skipped="0">
  <testcase classname="ParametersinTestngSecond.Vegetables" name="cauliflower" time="0.002"/>
  <testcase classname="ParametersinTestngSecond.Vegetables" name="carrot" time="0.001"/>
</testsuite> <!-- ParametersinTestngSecond.Vegetables -->
