<?xml version="1.0" encoding="UTF-8"?>
<!-- Generated by org.testng.reporters.JUnitReportReporter -->
<testsuite hostname="Abhinaya" failures="0" tests="2" name="ParametersinTestngSecond.Fruits" time="0.008" errors="0" timestamp="17 Sep 2024 12:46:13 GMT" skipped="0">
  <testcase classname="ParametersinTestngSecond.Fruits" name="pineapple" time="0.002"/>
  <testcase classname="ParametersinTestngSecond.Fruits" name="mango" time="0.006"/>
</testsuite> <!-- ParametersinTestngSecond.Fruits -->
