<?xml version="1.0" encoding="UTF-8"?>
<!-- Generated by org.testng.reporters.JUnitReportReporter -->
<testsuite hostname="Abhinaya" failures="0" tests="1" name="ImportantPrograms.ImportantPrograms.SortElemenstInArrayInAscendingOrder" time="0.009" errors="0" timestamp="19 Dec 2024 12:07:16 GMT" skipped="0">
  <testcase classname="ImportantPrograms.ImportantPrograms.SortElemenstInArrayInAscendingOrder" name="Ascending" time="0.009"/>
</testsuite> <!-- ImportantPrograms.ImportantPrograms.SortElemenstInArrayInAscendingOrder -->
