<?xml version="1.0" encoding="UTF-8"?>
<!-- Generated by org.testng.reporters.JUnitReportReporter -->
<testsuite hostname="Abhinaya" failures="0" tests="1" name="ImportantPrograms.ImportantPrograms.FrequencyOfElementInArray" time="0.008" errors="0" timestamp="14 Dec 2024 07:35:49 GMT" skipped="0">
  <testcase classname="ImportantPrograms.ImportantPrograms.FrequencyOfElementInArray" name="freq" time="0.008"/>
</testsuite> <!-- ImportantPrograms.ImportantPrograms.FrequencyOfElementInArray -->
