<?xml version="1.0" encoding="UTF-8"?>
<!-- Generated by org.testng.reporters.JUnitReportReporter -->
<testsuite hostname="Abhinaya" failures="0" tests="1" name="ImportantPrograms.ImportantPrograms.LengthOfLongestSubstringWithoutRepeatingCharacters" time="0.016" errors="0" timestamp="19 Dec 2024 18:05:58 GMT" skipped="0">
  <testcase classname="ImportantPrograms.ImportantPrograms.LengthOfLongestSubstringWithoutRepeatingCharacters" name="SubstringLength" time="0.016"/>
</testsuite> <!-- ImportantPrograms.ImportantPrograms.LengthOfLongestSubstringWithoutRepeatingCharacters -->
