<?xml version="1.0" encoding="UTF-8"?>
<!-- Generated by org.testng.reporters.JUnitReportReporter -->
<testsuite hostname="Abhinaya" failures="0" tests="1" name="ImportantPrograms.ImportantPrograms.LargestElementInArrayPrint" time="0.006" errors="0" timestamp="19 Dec 2024 12:16:50 GMT" skipped="0">
  <testcase classname="ImportantPrograms.ImportantPrograms.LargestElementInArrayPrint" name="Largest" time="0.006"/>
</testsuite> <!-- ImportantPrograms.ImportantPrograms.LargestElementInArrayPrint -->
