<?xml version="1.0" encoding="UTF-8"?>
<!-- Generated by org.testng.reporters.JUnitReportReporter -->
<testsuite hostname="Abhinaya" failures="0" tests="1" name="ImportantPrograms.ImportantPrograms.ReverseElementsInArray" time="0.008" errors="0" timestamp="19 Dec 2024 10:30:28 GMT" skipped="0">
  <testcase classname="ImportantPrograms.ImportantPrograms.ReverseElementsInArray" name="reverse" time="0.008"/>
</testsuite> <!-- ImportantPrograms.ImportantPrograms.ReverseElementsInArray -->
