<?xml version="1.0" encoding="UTF-8"?>
<!-- Generated by org.testng.reporters.JUnitReportReporter -->
<testsuite hostname="Abhinaya" failures="0" tests="1" name="ImportantPrograms.ImportantPrograms.RemoveLeadingZeros" time="0.005" errors="0" timestamp="19 Dec 2024 15:51:04 GMT" skipped="0">
  <testcase classname="ImportantPrograms.ImportantPrograms.RemoveLeadingZeros" name="RemovingLeadingZeros" time="0.005"/>
</testsuite> <!-- ImportantPrograms.ImportantPrograms.RemoveLeadingZeros -->
