<?xml version="1.0" encoding="UTF-8"?>
<!-- Generated by org.testng.reporters.JUnitReportReporter -->
<testsuite hostname="Abhinaya" failures="0" tests="1" name="ImportantPrograms.ImportantPrograms.CountNumberOfWordsInString" time="0.006" errors="0" timestamp="19 Dec 2024 15:06:23 GMT" skipped="0">
  <testcase classname="ImportantPrograms.ImportantPrograms.CountNumberOfWordsInString" name="CountWords" time="0.006"/>
</testsuite> <!-- ImportantPrograms.ImportantPrograms.CountNumberOfWordsInString -->
