<?xml version="1.0" encoding="UTF-8"?>
<!-- Generated by org.testng.reporters.JUnitReportReporter -->
<testsuite hostname="Abhinaya" failures="0" tests="1" name="ImportantPrograms.ImportantPrograms.StringIsAPalindromeOrNot" time="0.008" errors="0" timestamp="19 Dec 2024 15:27:07 GMT" skipped="0">
  <testcase classname="ImportantPrograms.ImportantPrograms.StringIsAPalindromeOrNot" name="PalindromeOrNot" time="0.008"/>
</testsuite> <!-- ImportantPrograms.ImportantPrograms.StringIsAPalindromeOrNot -->
