<?xml version="1.0" encoding="UTF-8"?>
<!-- Generated by org.testng.reporters.JUnitReportReporter -->
<testsuite hostname="Abhinaya" failures="0" tests="1" name="ImportantPrograms.ImportantPrograms.SecondSmallest" time="0.007" errors="0" timestamp="19 Dec 2024 13:30:02 GMT" skipped="0">
  <testcase classname="ImportantPrograms.ImportantPrograms.SecondSmallest" name="SecondSmallestElement" time="0.007"/>
</testsuite> <!-- ImportantPrograms.ImportantPrograms.SecondSmallest -->
