<?xml version="1.0" encoding="UTF-8"?>
<!-- Generated by org.testng.reporters.JUnitReportReporter -->
<testsuite hostname="Abhinaya" failures="0" tests="1" name="ImportantPrograms.ImportantPrograms.SumOfAllItemsOfArray" time="0.006" errors="0" timestamp="19 Dec 2024 11:05:47 GMT" skipped="0">
  <testcase classname="ImportantPrograms.ImportantPrograms.SumOfAllItemsOfArray" name="sum" time="0.006"/>
</testsuite> <!-- ImportantPrograms.ImportantPrograms.SumOfAllItemsOfArray -->
