<?xml version="1.0" encoding="UTF-8"?>
<!-- Generated by org.testng.reporters.JUnitReportReporter -->
<testsuite hostname="Abhinaya" failures="0" tests="1" name="ImportantPrograms.ImportantPrograms.SmallestElementInArrayPrint" time="0.006" errors="0" timestamp="19 Dec 2024 10:50:45 GMT" skipped="0">
  <testcase classname="ImportantPrograms.ImportantPrograms.SmallestElementInArrayPrint" name="smallest" time="0.006"/>
</testsuite> <!-- ImportantPrograms.ImportantPrograms.SmallestElementInArrayPrint -->
